
> @stokku/web@0.1.0 build D:\stokku\apps\web
> next build

info  - Linting and checking validity of types...
info  - Creating an optimized production build...
info  - Compiled successfully
info  - Collecting page data...
info  - Generating static pages (0/16)
info  - Generating static pages (4/16)
info  - Generating static pages (8/16)
info  - Generating static pages (12/16)
info  - Generating static pages (16/16)
info  - Finalizing page optimization...

Route (pages)                              Size     First Load JS
┌ ○ /                                      1.78 kB        89.5 kB
├   /_app                                  0 B            86.2 kB
├ ○ /404                                   181 B          86.4 kB
├ ○ /auth/login                            3.9 kB          113 kB
├ ○ /auth/register                         4.07 kB         113 kB
├ ○ /categories                            1.5 kB         94.5 kB
├ ○ /customers                             1.68 kB        94.7 kB
├ ○ /products                              3.21 kB        96.2 kB
├ ○ /purchase-orders                       1.4 kB         94.4 kB
├ ○ /reports                               1.56 kB        94.6 kB
├ ○ /sales-orders                          1.37 kB        94.4 kB
├ ○ /settings                              1.3 kB         89.1 kB
├ ○ /stock                                 1.56 kB        94.6 kB
├ ○ /suppliers                             1.72 kB        94.7 kB
├ ○ /users                                 1.28 kB        94.3 kB
└ ○ /warehouses                            1.59 kB        94.6 kB
+ First Load JS shared by all              92.7 kB
  ├ chunks/framework-8b412534be3d083c.js   45.2 kB
  ├ chunks/main-93631e5b1a53b1d0.js        31.1 kB
  ├ chunks/pages/_app-38dfb15a18008651.js  9.09 kB
  ├ chunks/webpack-ee7e63bc15b31913.js     818 B
  └ css/a7d32e36bfed7135.css               6.48 kB

○  (Static)  automatically rendered as static HTML (uses no initial props)

